<?xml version="1.0" encoding="UTF-8"?>
<!-- Generated by org.testng.reporters.JUnitReportReporter -->
<testsuite hostname="DESKTOP-IHJP9RL" failures="0" tests="1" name="testCases.TC_001_Account_RegristrationTest" time="9.858" errors="0" timestamp="2024-12-02T15:45:22 IST" skipped="0">
  <testcase classname="testCases.TC_001_Account_RegristrationTest" name="verify_account_regristration" time="9.858"/>
</testsuite> <!-- testCases.TC_001_Account_RegristrationTest -->
