<?xml version="1.0" encoding="UTF-8"?>
<!-- Generated by org.testng.reporters.JUnitReportReporter -->
<testsuite hostname="DESKTOP-IHJP9RL" failures="0" tests="1" name="testCases.TC_002_LoginTest" time="13.952" errors="0" timestamp="2024-12-02T21:49:34 IST" skipped="0">
  <testcase classname="testCases.TC_002_LoginTest" name="verifyLogin" time="13.952"/>
</testsuite> <!-- testCases.TC_002_LoginTest -->
